<?xml version="1.0" encoding="UTF-8"?>
<!-- Generated by org.testng.reporters.JUnitReportReporter -->
<testsuite hostname="DESKTOP-B7QFQL7" failures="0" tests="8" name="myPackage.myTestCases" time="16.587" errors="0" timestamp="2025-01-18T23:51:48 EET" skipped="0">
  <testcase classname="myPackage.myTestCases" name="CheckTheDefualtLanguageIsEnglish" time="0.026"/>
  <system-out/>
  <testcase classname="myPackage.myTestCases" name="CheckTheDefualtCurrency" time="0.023"/>
  <system-out/>
  <testcase classname="myPackage.myTestCases" name="CheckMobileNumber" time="0.017"/>
  <system-out/>
  <testcase classname="myPackage.myTestCases" name="CheckQitafLogo" time="0.070"/>
  <system-out/>
  <testcase classname="myPackage.myTestCases" name="CheckHotelTabIsNotSelected" time="0.023"/>
  <system-out/>
  <testcase classname="myPackage.myTestCases" name="CheckDepatureDate" time="0.020"/>
  <system-out/>
  <testcase classname="myPackage.myTestCases" name="CheckRuternDate" time="0.016"/>
  <system-out/>
  <testcase classname="myPackage.myTestCases" name="RandomlyChangeWebsiteLanguage" time="16.392"/>
  <system-out/>
</testsuite> <!-- myPackage.myTestCases -->
